STEP to UG
! INFO-     NX STEP AP203 - V2406.5001
! INFO-      
! INFO-     Start of Translation: 10-MAY-2025  8:58:53 PM
! INFO-      
! STATUS-   Converting Part: C:\Users\finns\Downloads\assembly_hond.stp
! SUMMARY-   
! SUMMARY-    STEP Header Information
! SUMMARY-   
! SUMMARY-  Description      Unknown
! SUMMARY-  Imp_Level        2;1
! SUMMARY-  File_Name        assembly_hond.stp
! SUMMARY-  Date             2025-05-10T14:20:29+02:00
! SUMMARY-  Author           Bram
! SUMMARY-  Organization     Unknown
! SUMMARY-  Pre_Version      ST-DEVELOPER v20
! SUMMARY-  Orig_System      Autodesk Inventor 2024
! SUMMARY-  Authorization    Unknown
! SUMMARY-  Schema_ID        automotive_design
! SUMMARY-   
! SUMMARY-    Summary of STEP Entities
! SUMMARY-   
! SUMMARY-  Entity Type                                                   Count
! SUMMARY-  -----------                                                   ------
! SUMMARY-  advanced_face ..............................................:   2190
! SUMMARY-  application_context ........................................:      1
! SUMMARY-  axis2_placement_3d .........................................:   3517
! SUMMARY-  b_spline_curve_with_knots ..................................:    749
! SUMMARY-  b_spline_curve_with_knots_and_rational_b_spline_curve ......:     24
! SUMMARY-  b_spline_surface_with_knots ................................:     72
! SUMMARY-  b_spline_surface_with_knots_and_rational_b_spline_surface ..:      2
! SUMMARY-  brep_with_voids ............................................:      2
! SUMMARY-  cartesian_point ............................................:  23879
! SUMMARY-  circle .....................................................:   1264
! SUMMARY-  closed_shell ...............................................:     34
! SUMMARY-  conical_surface ............................................:    104
! SUMMARY-  context_dependent_over_riding_styled_item ..................:      6
! SUMMARY-  context_dependent_shape_representation .....................:     11
! SUMMARY-  cylindrical_surface ........................................:    472
! SUMMARY-  direction ..................................................:  11128
! SUMMARY-  edge_curve .................................................:   6243
! SUMMARY-  edge_loop ..................................................:   2439
! SUMMARY-  ellipse ....................................................:    113
! SUMMARY-  face_bound .................................................:    249
! SUMMARY-  face_outer_bound ...........................................:   2190
! SUMMARY-  geometric_representation_context_and_global_uncertainty_a ..:     13
! SUMMARY-  item_defined_transformation ................................:     11
! SUMMARY-  length_unit_and_si_unit ....................................:      1
! SUMMARY-  line .......................................................:   4094
! SUMMARY-  manifold_solid_brep ........................................:     30
! SUMMARY-  mapped_item ................................................:      1
! SUMMARY-  next_assembly_usage_occurrence .............................:     11
! SUMMARY-  oriented_closed_shell ......................................:      2
! SUMMARY-  oriented_edge ..............................................:  12486
! SUMMARY-  plane ......................................................:   1499
! SUMMARY-  plane_angle_unit_and_si_unit ...............................:      1
! SUMMARY-  polyline ...................................................:     18
! SUMMARY-  product ....................................................:     12
! SUMMARY-  product_context ............................................:      1
! SUMMARY-  product_definition .........................................:     12
! SUMMARY-  product_definition_context .................................:      1
! SUMMARY-  product_definition_formation ...............................:     12
! SUMMARY-  product_definition_shape ...................................:     23
! SUMMARY-  product_related_product_category ...........................:     12
! SUMMARY-  representation_map .........................................:      1
! SUMMARY-  representation_relationship_with_transformation_and_shape ..:     11
! SUMMARY-  shape_representation .......................................:     12
! SUMMARY-  si_unit_and_solid_angle_unit ...............................:      1
! SUMMARY-  spherical_surface ..........................................:      5
! SUMMARY-  toroidal_surface ...........................................:     36
! SUMMARY-  trimmed_curve ..............................................:      1
! SUMMARY-  uncertainty_measure_with_unit ..............................:     13
! SUMMARY-  vector .....................................................:   4094
! SUMMARY-  vertex_point ...............................................:   4238
! SUMMARY-                                                               -------
! SUMMARY-  Total                                                          81341
! STATUS-    
! STATUS-   Converting to Output Form (Phase 2 of 3): 10-MAY-2025 8:58:54 PM
! STATUS-    
! STATUS-    
! STATUS-   Generating UG geometry and placing them in parts
! STATUS-    
! STATUS-   Creating the UG part (Phase 3 of 3): 10-MAY-2025  8:58:59 PM
! INFO-     Filing Part ..: C:\Users\finns\Downloads\ledstripvoeding
! SUMMARY-   
! SUMMARY-  Summary of Unigraphics Part Entities
! SUMMARY-   
! SUMMARY-  Entities Processed             Count
! SUMMARY-  ------------------             -----
! SUMMARY-  Solid/Sheet .................:     1
! SUMMARY-                                 -----
! SUMMARY-  Total                              1
! STATUS-   Creating the UG part (Phase 3 of 3): 10-MAY-2025  8:59:00 PM
! INFO-     Filing Part ..: C:\Users\finns\Downloads\helixkabel
! SUMMARY-   
! SUMMARY-  Summary of Unigraphics Part Entities
! SUMMARY-   
! SUMMARY-  Entities Processed             Count
! SUMMARY-  ------------------             -----
! SUMMARY-  Solid/Sheet .................:     1
! SUMMARY-                                 -----
! SUMMARY-  Total                              1
! STATUS-   Creating the UG part (Phase 3 of 3): 10-MAY-2025  8:59:00 PM
! INFO-     Filing Part ..: C:\Users\finns\Downloads\Breadboard
! SUMMARY-   
! SUMMARY-  Summary of Unigraphics Part Entities
! SUMMARY-   
! SUMMARY-  Entities Processed             Count
! SUMMARY-  ------------------             -----
! SUMMARY-  Solid/Sheet .................:     1
! SUMMARY-                                 -----
! SUMMARY-  Total                              1
! STATUS-   Creating the UG part (Phase 3 of 3): 10-MAY-2025  8:59:00 PM
! INFO-     Filing Part ..: C:\Users\finns\Downloads\arduino uno
! SUMMARY-   
! SUMMARY-  Summary of Unigraphics Part Entities
! SUMMARY-   
! SUMMARY-  Entities Processed             Count
! SUMMARY-  ------------------             -----
! SUMMARY-  Solid/Sheet .................:     1
! SUMMARY-                                 -----
! SUMMARY-  Total                              1
! STATUS-   Creating the UG part (Phase 3 of 3): 10-MAY-2025  8:59:00 PM
! INFO-     Filing Part ..: C:\Users\finns\Downloads\Behuizing
! SUMMARY-   
! SUMMARY-  Summary of Unigraphics Part Entities
! SUMMARY-   
! SUMMARY-  Entities Processed             Count
! SUMMARY-  ------------------             -----
! SUMMARY-  Solid/Sheet .................:     1
! SUMMARY-                                 -----
! SUMMARY-  Total                              1
! STATUS-   Creating the UG part (Phase 3 of 3): 10-MAY-2025  8:59:00 PM
! INFO-     Filing Part ..: C:\Users\finns\Downloads\arm1
! SUMMARY-   
! SUMMARY-  Summary of Unigraphics Part Entities
! SUMMARY-   
! SUMMARY-  Entities Processed             Count
! SUMMARY-  ------------------             -----
! SUMMARY-  Solid/Sheet .................:     1
! SUMMARY-                                 -----
! SUMMARY-  Total                              1
! STATUS-   Creating the UG part (Phase 3 of 3): 10-MAY-2025  8:59:00 PM
! INFO-     Filing Part ..: C:\Users\finns\Downloads\simplifyable_Simplify_2
! SUMMARY-   
! SUMMARY-  Summary of Unigraphics Part Entities
! SUMMARY-   
! SUMMARY-  Entities Processed             Count
! SUMMARY-  ------------------             -----
! SUMMARY-  Point .......................:     4
! SUMMARY-  Line ........................:    18
! SUMMARY-  B-Curve .....................:     1
! SUMMARY-  Solid/Sheet .................:     1
! SUMMARY-                                 -----
! SUMMARY-  Total                             24
! STATUS-   Creating the UG part (Phase 3 of 3): 10-MAY-2025  8:59:01 PM
! INFO-     Filing Part ..: C:\Users\finns\Downloads\SG90 - Micro Servo 9g - Tower Pro
! SUMMARY-   
! SUMMARY-  Summary of Unigraphics Part Entities
! SUMMARY-   
! SUMMARY-  Entities Processed             Count
! SUMMARY-  ------------------             -----
! SUMMARY-  Solid/Sheet .................:    19
! SUMMARY-                                 -----
! SUMMARY-  Total                             19
! STATUS-   Creating the UG part (Phase 3 of 3): 10-MAY-2025  8:59:02 PM
! INFO-     Filing Part ..: C:\Users\finns\Downloads\Rechterbeen2
! SUMMARY-   
! SUMMARY-  Summary of Unigraphics Part Entities
! SUMMARY-   
! SUMMARY-  Entities Processed             Count
! SUMMARY-  ------------------             -----
! SUMMARY-  Solid/Sheet .................:     1
! SUMMARY-                                 -----
! SUMMARY-  Total                              1
! STATUS-   Creating the UG part (Phase 3 of 3): 10-MAY-2025  8:59:02 PM
! INFO-     Filing Part ..: C:\Users\finns\Downloads\linkerbeen2
! SUMMARY-   
! SUMMARY-  Summary of Unigraphics Part Entities
! SUMMARY-   
! SUMMARY-  Entities Processed             Count
! SUMMARY-  ------------------             -----
! SUMMARY-  Solid/Sheet .................:     1
! SUMMARY-                                 -----
! SUMMARY-  Total                              1
! STATUS-   Creating the UG part (Phase 3 of 3): 10-MAY-2025  8:59:02 PM
! INFO-     Filing Part ..: C:\Users\finns\Downloads\corpus
! SUMMARY-   
! SUMMARY-  Summary of Unigraphics Part Entities
! SUMMARY-   
! SUMMARY-  Entities Processed             Count
! SUMMARY-  ------------------             -----
! SUMMARY-  Point .......................:     1
! SUMMARY-  Solid/Sheet .................:     4
! SUMMARY-                                 -----
! SUMMARY-  Total                              5
! STATUS-   Creating the UG part (Phase 3 of 3): 10-MAY-2025  8:59:02 PM
! INFO-     Filing Part ..: C:\Users\finns\Downloads\assembly_hond.prt
! SUMMARY-   
! SUMMARY-  Summary of Unigraphics Part Entities
! SUMMARY-   
! SUMMARY-  Entities Processed             Count
! SUMMARY-  ------------------             -----
! SUMMARY-  Component ...................:    11
! SUMMARY-                                 -----
! SUMMARY-  Total                             11
! INFO-      
! INFO-     Total number of solids input for this translation       :        32
! INFO-      
! INFO-     Number of solids created without body validation faults :        32
! INFO-      
! INFO-     Number of solids created with body validation fault(s)  :         0
! INFO-      
! INFO-     Number of solids ending up as sheet bodies              :         0
! INFO-      
! INFO-     End of Translation: 10-MAY-2025  8:59:03 PM
! INFO-      
STEP to UG
! INFO-     NX STEP AP203 - V2406.5001
! INFO-      
! INFO-     Start of Translation: 10-MAY-2025  8:59:24 PM
! INFO-      
! STATUS-   Converting Part: C:\Users\finns\Downloads\assembly_hond.stp
! SUMMARY-   
! SUMMARY-    STEP Header Information
! SUMMARY-   
! SUMMARY-  Description      Unknown
! SUMMARY-  Imp_Level        2;1
! SUMMARY-  File_Name        assembly_hond.stp
! SUMMARY-  Date             2025-05-10T14:20:29+02:00
! SUMMARY-  Author           Bram
! SUMMARY-  Organization     Unknown
! SUMMARY-  Pre_Version      ST-DEVELOPER v20
! SUMMARY-  Orig_System      Autodesk Inventor 2024
! SUMMARY-  Authorization    Unknown
! SUMMARY-  Schema_ID        automotive_design
! SUMMARY-   
! SUMMARY-    Summary of STEP Entities
! SUMMARY-   
! SUMMARY-  Entity Type                                                   Count
! SUMMARY-  -----------                                                   ------
! SUMMARY-  advanced_face ..............................................:   2190
! SUMMARY-  application_context ........................................:      1
! SUMMARY-  axis2_placement_3d .........................................:   3517
! SUMMARY-  b_spline_curve_with_knots ..................................:    749
! SUMMARY-  b_spline_curve_with_knots_and_rational_b_spline_curve ......:     24
! SUMMARY-  b_spline_surface_with_knots ................................:     72
! SUMMARY-  b_spline_surface_with_knots_and_rational_b_spline_surface ..:      2
! SUMMARY-  brep_with_voids ............................................:      2
! SUMMARY-  cartesian_point ............................................:  23879
! SUMMARY-  circle .....................................................:   1264
! SUMMARY-  closed_shell ...............................................:     34
! SUMMARY-  conical_surface ............................................:    104
! SUMMARY-  context_dependent_over_riding_styled_item ..................:      6
! SUMMARY-  context_dependent_shape_representation .....................:     11
! SUMMARY-  cylindrical_surface ........................................:    472
! SUMMARY-  direction ..................................................:  11128
! SUMMARY-  edge_curve .................................................:   6243
! SUMMARY-  edge_loop ..................................................:   2439
! SUMMARY-  ellipse ....................................................:    113
! SUMMARY-  face_bound .................................................:    249
! SUMMARY-  face_outer_bound ...........................................:   2190
! SUMMARY-  geometric_representation_context_and_global_uncertainty_a ..:     13
! SUMMARY-  item_defined_transformation ................................:     11
! SUMMARY-  length_unit_and_si_unit ....................................:      1
! SUMMARY-  line .......................................................:   4094
! SUMMARY-  manifold_solid_brep ........................................:     30
! SUMMARY-  mapped_item ................................................:      1
! SUMMARY-  next_assembly_usage_occurrence .............................:     11
! SUMMARY-  oriented_closed_shell ......................................:      2
! SUMMARY-  oriented_edge ..............................................:  12486
! SUMMARY-  plane ......................................................:   1499
! SUMMARY-  plane_angle_unit_and_si_unit ...............................:      1
! SUMMARY-  polyline ...................................................:     18
! SUMMARY-  product ....................................................:     12
! SUMMARY-  product_context ............................................:      1
! SUMMARY-  product_definition .........................................:     12
! SUMMARY-  product_definition_context .................................:      1
! SUMMARY-  product_definition_formation ...............................:     12
! SUMMARY-  product_definition_shape ...................................:     23
! SUMMARY-  product_related_product_category ...........................:     12
! SUMMARY-  representation_map .........................................:      1
! SUMMARY-  representation_relationship_with_transformation_and_shape ..:     11
! SUMMARY-  shape_representation .......................................:     12
! SUMMARY-  si_unit_and_solid_angle_unit ...............................:      1
! SUMMARY-  spherical_surface ..........................................:      5
! SUMMARY-  toroidal_surface ...........................................:     36
! SUMMARY-  trimmed_curve ..............................................:      1
! SUMMARY-  uncertainty_measure_with_unit ..............................:     13
! SUMMARY-  vector .....................................................:   4094
! SUMMARY-  vertex_point ...............................................:   4238
! SUMMARY-                                                               -------
! SUMMARY-  Total                                                          81341
! STATUS-    
! STATUS-   Converting to Output Form (Phase 2 of 3): 10-MAY-2025 8:59:25 PM
! STATUS-    
! STATUS-    
! STATUS-   Generating UG geometry and placing them in parts
! STATUS-    
! STATUS-   Creating the UG part (Phase 3 of 3): 10-MAY-2025  8:59:30 PM
! INFO-     Filing Part ..: C:\Users\finns\Downloads\ledstripvoeding82110
! SUMMARY-   
! SUMMARY-  Summary of Unigraphics Part Entities
! SUMMARY-   
! SUMMARY-  Entities Processed             Count
! SUMMARY-  ------------------             -----
! SUMMARY-  Solid/Sheet .................:     1
! SUMMARY-                                 -----
! SUMMARY-  Total                              1
! STATUS-   Creating the UG part (Phase 3 of 3): 10-MAY-2025  8:59:31 PM
! INFO-     Filing Part ..: C:\Users\finns\Downloads\helixkabel82109
! SUMMARY-   
! SUMMARY-  Summary of Unigraphics Part Entities
! SUMMARY-   
! SUMMARY-  Entities Processed             Count
! SUMMARY-  ------------------             -----
! SUMMARY-  Solid/Sheet .................:     1
! SUMMARY-                                 -----
! SUMMARY-  Total                              1
! STATUS-   Creating the UG part (Phase 3 of 3): 10-MAY-2025  8:59:31 PM
! INFO-     Filing Part ..: C:\Users\finns\Downloads\Breadboard82108
! SUMMARY-   
! SUMMARY-  Summary of Unigraphics Part Entities
! SUMMARY-   
! SUMMARY-  Entities Processed             Count
! SUMMARY-  ------------------             -----
! SUMMARY-  Solid/Sheet .................:     1
! SUMMARY-                                 -----
! SUMMARY-  Total                              1
! STATUS-   Creating the UG part (Phase 3 of 3): 10-MAY-2025  8:59:31 PM
! INFO-     Filing Part ..: C:\Users\finns\Downloads\arduino uno82107
! SUMMARY-   
! SUMMARY-  Summary of Unigraphics Part Entities
! SUMMARY-   
! SUMMARY-  Entities Processed             Count
! SUMMARY-  ------------------             -----
! SUMMARY-  Solid/Sheet .................:     1
! SUMMARY-                                 -----
! SUMMARY-  Total                              1
! STATUS-   Creating the UG part (Phase 3 of 3): 10-MAY-2025  8:59:31 PM
! INFO-     Filing Part ..: C:\Users\finns\Downloads\Behuizing82106
! SUMMARY-   
! SUMMARY-  Summary of Unigraphics Part Entities
! SUMMARY-   
! SUMMARY-  Entities Processed             Count
! SUMMARY-  ------------------             -----
! SUMMARY-  Solid/Sheet .................:     1
! SUMMARY-                                 -----
! SUMMARY-  Total                              1
! STATUS-   Creating the UG part (Phase 3 of 3): 10-MAY-2025  8:59:31 PM
! INFO-     Filing Part ..: C:\Users\finns\Downloads\arm182105
! SUMMARY-   
! SUMMARY-  Summary of Unigraphics Part Entities
! SUMMARY-   
! SUMMARY-  Entities Processed             Count
! SUMMARY-  ------------------             -----
! SUMMARY-  Solid/Sheet .................:     1
! SUMMARY-                                 -----
! SUMMARY-  Total                              1
! STATUS-   Creating the UG part (Phase 3 of 3): 10-MAY-2025  8:59:31 PM
! INFO-     Filing Part ..: C:\Users\finns\Downloads\simplifyable_Simplify_282104
! SUMMARY-   
! SUMMARY-  Summary of Unigraphics Part Entities
! SUMMARY-   
! SUMMARY-  Entities Processed             Count
! SUMMARY-  ------------------             -----
! SUMMARY-  Point .......................:     4
! SUMMARY-  Line ........................:    18
! SUMMARY-  B-Curve .....................:     1
! SUMMARY-  Solid/Sheet .................:     1
! SUMMARY-                                 -----
! SUMMARY-  Total                             24
! STATUS-   Creating the UG part (Phase 3 of 3): 10-MAY-2025  8:59:31 PM
! INFO-     Filing Part ..: C:\Users\finns\Downloads\SG90 - Micro Servo 9g - Tower Pro82103
! SUMMARY-   
! SUMMARY-  Summary of Unigraphics Part Entities
! SUMMARY-   
! SUMMARY-  Entities Processed             Count
! SUMMARY-  ------------------             -----
! SUMMARY-  Solid/Sheet .................:    19
! SUMMARY-                                 -----
! SUMMARY-  Total                             19
! STATUS-   Creating the UG part (Phase 3 of 3): 10-MAY-2025  8:59:32 PM
! INFO-     Filing Part ..: C:\Users\finns\Downloads\Rechterbeen282102
! SUMMARY-   
! SUMMARY-  Summary of Unigraphics Part Entities
! SUMMARY-   
! SUMMARY-  Entities Processed             Count
! SUMMARY-  ------------------             -----
! SUMMARY-  Solid/Sheet .................:     1
! SUMMARY-                                 -----
! SUMMARY-  Total                              1
! STATUS-   Creating the UG part (Phase 3 of 3): 10-MAY-2025  8:59:33 PM
! INFO-     Filing Part ..: C:\Users\finns\Downloads\linkerbeen282101
! SUMMARY-   
! SUMMARY-  Summary of Unigraphics Part Entities
! SUMMARY-   
! SUMMARY-  Entities Processed             Count
! SUMMARY-  ------------------             -----
! SUMMARY-  Solid/Sheet .................:     1
! SUMMARY-                                 -----
! SUMMARY-  Total                              1
! STATUS-   Creating the UG part (Phase 3 of 3): 10-MAY-2025  8:59:33 PM
! INFO-     Filing Part ..: C:\Users\finns\Downloads\corpus82100
! SUMMARY-   
! SUMMARY-  Summary of Unigraphics Part Entities
! SUMMARY-   
! SUMMARY-  Entities Processed             Count
! SUMMARY-  ------------------             -----
! SUMMARY-  Point .......................:     1
! SUMMARY-  Solid/Sheet .................:     4
! SUMMARY-                                 -----
! SUMMARY-  Total                              5
! STATUS-   Creating the UG part (Phase 3 of 3): 10-MAY-2025  8:59:33 PM
! INFO-     Filing Part ..: C:\Users\finns\Downloads\constrained ass.prt
! SUMMARY-   
! SUMMARY-  Summary of Unigraphics Part Entities
! SUMMARY-   
! SUMMARY-  Entities Processed             Count
! SUMMARY-  ------------------             -----
! SUMMARY-  Component ...................:    11
! SUMMARY-                                 -----
! SUMMARY-  Total                             11
! INFO-      
! INFO-     Total number of solids input for this translation       :        32
! INFO-      
! INFO-     Number of solids created without body validation faults :        32
! INFO-      
! INFO-     Number of solids created with body validation fault(s)  :         0
! INFO-      
! INFO-     Number of solids ending up as sheet bodies              :         0
! INFO-      
! INFO-     End of Translation: 10-MAY-2025  8:59:33 PM
! INFO-      
